[WARNING] 
[WARNING] Some problems were encountered while building the effective settings
[WARNING] 'profiles.profile.id' must be unique but found duplicate profile with id gpg @ /Users/jzhang/.m2/settings.xml
[WARNING] 
[INFO] Scanning for projects...
[WARNING] 
[WARNING] Some problems were encountered while building the effective model for com.zjffdu.tutorial:spark-tutorial:jar:1.0-SNAPSHOT
[WARNING] 'dependencies.dependency.(groupId:artifactId:type:classifier)' must be unique: org.eclipse.jetty:jetty-http:jar -> duplicate declaration of version ${jetty.version} @ line 205, column 21
[WARNING] 'dependencies.dependency.(groupId:artifactId:type:classifier)' must be unique: org.eclipse.jetty:jetty-continuation:jar -> duplicate declaration of version ${jetty.version} @ line 210, column 21
[WARNING] 'dependencies.dependency.(groupId:artifactId:type:classifier)' must be unique: org.eclipse.jetty:jetty-servlet:jar -> duplicate declaration of version ${jetty.version} @ line 215, column 21
[WARNING] 'dependencies.dependency.(groupId:artifactId:type:classifier)' must be unique: org.eclipse.jetty:jetty-util:jar -> duplicate declaration of version ${jetty.version} @ line 220, column 21
[WARNING] 'dependencies.dependency.(groupId:artifactId:type:classifier)' must be unique: org.eclipse.jetty:jetty-security:jar -> duplicate declaration of version ${jetty.version} @ line 225, column 21
[WARNING] 'dependencies.dependency.(groupId:artifactId:type:classifier)' must be unique: org.eclipse.jetty:jetty-plus:jar -> duplicate declaration of version ${jetty.version} @ line 230, column 21
[WARNING] 'dependencies.dependency.(groupId:artifactId:type:classifier)' must be unique: org.eclipse.jetty:jetty-server:jar -> duplicate declaration of version ${jetty.version} @ line 235, column 21
[WARNING] 
[WARNING] It is highly recommended to fix these problems because they threaten the stability of your build.
[WARNING] 
[WARNING] For this reason, future Maven versions might no longer support building such malformed projects.
[WARNING] 
[INFO]                                                                         
[INFO] ------------------------------------------------------------------------
[INFO] Building spark-tutorial 1.0-SNAPSHOT
[INFO] ------------------------------------------------------------------------
[INFO] 
[INFO] --- maven-dependency-plugin:2.8:tree (default-cli) @ spark-tutorial ---
[INFO] com.zjffdu.tutorial:spark-tutorial:jar:1.0-SNAPSHOT
[INFO] +- org.apache.spark:spark-core_2.10:jar:1.6.1:compile
[INFO] |  +- org.apache.avro:avro-mapred:jar:hadoop2:1.7.7:compile
[INFO] |  |  +- org.apache.avro:avro-ipc:jar:1.7.7:compile
[INFO] |  |  \- org.apache.avro:avro-ipc:jar:tests:1.7.7:compile
[INFO] |  +- com.twitter:chill_2.10:jar:0.5.0:compile
[INFO] |  |  \- com.esotericsoftware.kryo:kryo:jar:2.21:compile
[INFO] |  |     +- com.esotericsoftware.reflectasm:reflectasm:jar:shaded:1.07:compile
[INFO] |  |     +- com.esotericsoftware.minlog:minlog:jar:1.2:compile
[INFO] |  |     \- org.objenesis:objenesis:jar:1.2:compile
[INFO] |  +- com.twitter:chill-java:jar:0.5.0:compile
[INFO] |  +- org.apache.xbean:xbean-asm5-shaded:jar:4.4:compile
[INFO] |  +- org.apache.hadoop:hadoop-client:jar:2.2.0:compile
[INFO] |  |  +- org.apache.hadoop:hadoop-common:jar:2.2.0:compile
[INFO] |  |  |  +- org.apache.commons:commons-math:jar:2.1:compile
[INFO] |  |  |  +- xmlenc:xmlenc:jar:0.52:compile
[INFO] |  |  |  +- commons-configuration:commons-configuration:jar:1.6:compile
[INFO] |  |  |  |  +- commons-digester:commons-digester:jar:1.8:compile
[INFO] |  |  |  |  |  \- commons-beanutils:commons-beanutils:jar:1.7.0:compile
[INFO] |  |  |  |  \- commons-beanutils:commons-beanutils-core:jar:1.8.0:compile
[INFO] |  |  |  \- org.apache.hadoop:hadoop-auth:jar:2.2.0:compile
[INFO] |  |  +- org.apache.hadoop:hadoop-hdfs:jar:2.2.0:compile
[INFO] |  |  +- org.apache.hadoop:hadoop-mapreduce-client-app:jar:2.2.0:compile
[INFO] |  |  |  +- org.apache.hadoop:hadoop-mapreduce-client-common:jar:2.2.0:compile
[INFO] |  |  |  \- org.apache.hadoop:hadoop-mapreduce-client-shuffle:jar:2.2.0:compile
[INFO] |  |  +- org.apache.hadoop:hadoop-mapreduce-client-core:jar:2.2.0:compile
[INFO] |  |  +- org.apache.hadoop:hadoop-mapreduce-client-jobclient:jar:2.2.0:compile
[INFO] |  |  \- org.apache.hadoop:hadoop-annotations:jar:2.2.0:compile
[INFO] |  +- org.apache.spark:spark-launcher_2.10:jar:1.6.1:compile
[INFO] |  +- org.apache.spark:spark-network-common_2.10:jar:1.6.1:compile
[INFO] |  +- org.apache.spark:spark-network-shuffle_2.10:jar:1.6.1:compile
[INFO] |  |  +- org.fusesource.leveldbjni:leveldbjni-all:jar:1.8:compile
[INFO] |  |  \- com.fasterxml.jackson.core:jackson-annotations:jar:2.4.4:compile
[INFO] |  +- org.apache.spark:spark-unsafe_2.10:jar:1.6.1:compile
[INFO] |  +- net.java.dev.jets3t:jets3t:jar:0.7.1:compile
[INFO] |  +- org.apache.curator:curator-recipes:jar:2.4.0:compile
[INFO] |  +- org.eclipse.jetty.orbit:javax.servlet:jar:3.0.0.v201112011016:compile
[INFO] |  +- org.apache.commons:commons-lang3:jar:3.3.2:compile
[INFO] |  +- org.apache.commons:commons-math3:jar:3.4.1:compile
[INFO] |  +- com.google.code.findbugs:jsr305:jar:1.3.9:compile
[INFO] |  +- org.slf4j:slf4j-api:jar:1.7.10:compile
[INFO] |  +- org.slf4j:jul-to-slf4j:jar:1.7.10:compile
[INFO] |  +- org.slf4j:jcl-over-slf4j:jar:1.7.10:compile
[INFO] |  +- log4j:log4j:jar:1.2.17:compile
[INFO] |  +- org.slf4j:slf4j-log4j12:jar:1.7.10:compile
[INFO] |  +- com.ning:compress-lzf:jar:1.0.3:compile
[INFO] |  +- org.xerial.snappy:snappy-java:jar:1.1.2:compile
[INFO] |  +- net.jpountz.lz4:lz4:jar:1.3.0:compile
[INFO] |  +- org.roaringbitmap:RoaringBitmap:jar:0.5.11:compile
[INFO] |  +- commons-net:commons-net:jar:2.2:compile
[INFO] |  +- com.typesafe.akka:akka-remote_2.10:jar:2.3.11:compile
[INFO] |  |  +- com.typesafe.akka:akka-actor_2.10:jar:2.3.11:compile
[INFO] |  |  |  \- com.typesafe:config:jar:1.2.1:compile
[INFO] |  |  \- org.uncommons.maths:uncommons-maths:jar:1.2.2a:compile
[INFO] |  +- com.typesafe.akka:akka-slf4j_2.10:jar:2.3.11:compile
[INFO] |  +- org.scala-lang:scala-library:jar:2.10.5:compile
[INFO] |  +- org.json4s:json4s-jackson_2.10:jar:3.2.10:compile
[INFO] |  |  \- org.json4s:json4s-core_2.10:jar:3.2.10:compile
[INFO] |  |     +- org.json4s:json4s-ast_2.10:jar:3.2.10:compile
[INFO] |  |     \- org.scala-lang:scalap:jar:2.10.0:compile
[INFO] |  |        \- org.scala-lang:scala-compiler:jar:2.10.0:compile
[INFO] |  +- com.sun.jersey:jersey-server:jar:1.9:compile
[INFO] |  |  \- asm:asm:jar:3.1:compile
[INFO] |  +- com.sun.jersey:jersey-core:jar:1.9:compile
[INFO] |  +- org.apache.mesos:mesos:jar:shaded-protobuf:0.21.1:compile
[INFO] |  +- io.netty:netty-all:jar:4.0.29.Final:compile
[INFO] |  +- com.clearspring.analytics:stream:jar:2.7.0:compile
[INFO] |  +- io.dropwizard.metrics:metrics-core:jar:3.1.2:compile
[INFO] |  +- io.dropwizard.metrics:metrics-jvm:jar:3.1.2:compile
[INFO] |  +- io.dropwizard.metrics:metrics-json:jar:3.1.2:compile
[INFO] |  +- io.dropwizard.metrics:metrics-graphite:jar:3.1.2:compile
[INFO] |  +- com.fasterxml.jackson.core:jackson-databind:jar:2.4.4:compile
[INFO] |  |  \- com.fasterxml.jackson.core:jackson-core:jar:2.4.4:compile
[INFO] |  +- com.fasterxml.jackson.module:jackson-module-scala_2.10:jar:2.4.4:compile
[INFO] |  |  +- org.scala-lang:scala-reflect:jar:2.10.4:compile
[INFO] |  |  \- com.thoughtworks.paranamer:paranamer:jar:2.6:compile
[INFO] |  +- org.apache.ivy:ivy:jar:2.4.0:compile
[INFO] |  +- oro:oro:jar:2.0.8:compile
[INFO] |  +- org.tachyonproject:tachyon-client:jar:0.8.2:compile
[INFO] |  |  +- commons-lang:commons-lang:jar:2.4:compile
[INFO] |  |  +- org.tachyonproject:tachyon-underfs-hdfs:jar:0.8.2:compile
[INFO] |  |  +- org.tachyonproject:tachyon-underfs-s3:jar:0.8.2:compile
[INFO] |  |  \- org.tachyonproject:tachyon-underfs-local:jar:0.8.2:compile
[INFO] |  +- net.razorvine:pyrolite:jar:4.9:compile
[INFO] |  \- org.spark-project.spark:unused:jar:1.0.0:compile
[INFO] +- org.apache.spark:spark-sql_2.10:jar:1.6.1:compile
[INFO] |  +- org.apache.spark:spark-catalyst_2.10:jar:1.6.1:compile
[INFO] |  |  \- org.codehaus.janino:janino:jar:2.7.8:compile
[INFO] |  +- org.apache.parquet:parquet-column:jar:1.7.0:compile
[INFO] |  |  +- org.apache.parquet:parquet-common:jar:1.7.0:compile
[INFO] |  |  \- org.apache.parquet:parquet-encoding:jar:1.7.0:compile
[INFO] |  |     \- org.apache.parquet:parquet-generator:jar:1.7.0:compile
[INFO] |  \- org.apache.parquet:parquet-hadoop:jar:1.7.0:compile
[INFO] |     +- org.apache.parquet:parquet-format:jar:2.3.0-incubating:compile
[INFO] |     \- org.apache.parquet:parquet-jackson:jar:1.7.0:compile
[INFO] +- org.apache.spark:spark-hive_2.10:jar:1.6.1:compile
[INFO] |  +- com.twitter:parquet-hadoop-bundle:jar:1.6.0:compile
[INFO] |  +- org.spark-project.hive:hive-cli:jar:1.2.1.spark:compile
[INFO] |  +- org.spark-project.hive:hive-exec:jar:1.2.1.spark:compile
[INFO] |  |  +- javolution:javolution:jar:5.5.1:compile
[INFO] |  |  +- com.googlecode.javaewah:JavaEWAH:jar:0.3.2:compile
[INFO] |  |  +- org.iq80.snappy:snappy:jar:0.2:compile
[INFO] |  |  \- net.sf.opencsv:opencsv:jar:2.3:compile
[INFO] |  +- org.spark-project.hive:hive-metastore:jar:1.2.1.spark:compile
[INFO] |  |  +- com.jolbox:bonecp:jar:0.8.0.RELEASE:compile
[INFO] |  |  +- org.apache.derby:derby:jar:10.10.2.0:compile
[INFO] |  |  +- org.datanucleus:datanucleus-api-jdo:jar:3.2.6:compile
[INFO] |  |  +- org.datanucleus:datanucleus-rdbms:jar:3.2.9:compile
[INFO] |  |  +- commons-pool:commons-pool:jar:1.5.4:compile
[INFO] |  |  +- commons-dbcp:commons-dbcp:jar:1.4:compile
[INFO] |  |  \- javax.jdo:jdo-api:jar:3.0.1:compile
[INFO] |  |     \- javax.transaction:jta:jar:1.1:compile
[INFO] |  +- org.apache.avro:avro:jar:1.7.7:compile
[INFO] |  +- commons-httpclient:commons-httpclient:jar:3.1:compile
[INFO] |  +- org.apache.calcite:calcite-avatica:jar:1.2.0-incubating:compile
[INFO] |  +- org.apache.calcite:calcite-core:jar:1.2.0-incubating:compile
[INFO] |  |  +- org.apache.calcite:calcite-linq4j:jar:1.2.0-incubating:compile
[INFO] |  |  +- net.hydromatic:eigenbase-properties:jar:1.1.5:compile
[INFO] |  |  \- org.codehaus.janino:commons-compiler:jar:2.7.6:compile
[INFO] |  +- org.apache.httpcomponents:httpclient:jar:4.3.2:compile
[INFO] |  +- org.codehaus.jackson:jackson-mapper-asl:jar:1.9.13:compile
[INFO] |  +- commons-codec:commons-codec:jar:1.10:compile
[INFO] |  +- org.jodd:jodd-core:jar:3.5.2:compile
[INFO] |  +- org.datanucleus:datanucleus-core:jar:3.2.10:compile
[INFO] |  +- org.apache.thrift:libthrift:jar:0.9.2:compile
[INFO] |  \- org.apache.thrift:libfb303:jar:0.9.2:compile
[INFO] +- org.apache.spark:spark-yarn_2.10:jar:1.6.1:compile
[INFO] |  +- org.apache.hadoop:hadoop-yarn-api:jar:2.2.0:compile
[INFO] |  |  +- com.google.inject.extensions:guice-servlet:jar:3.0:compile
[INFO] |  |  +- com.google.inject:guice:jar:3.0:compile
[INFO] |  |  |  +- javax.inject:javax.inject:jar:1:compile
[INFO] |  |  |  \- aopalliance:aopalliance:jar:1.0:compile
[INFO] |  |  +- com.sun.jersey.jersey-test-framework:jersey-test-framework-grizzly2:jar:1.9:compile
[INFO] |  |  |  +- com.sun.jersey.jersey-test-framework:jersey-test-framework-core:jar:1.9:compile
[INFO] |  |  |  |  \- com.sun.jersey:jersey-client:jar:1.9:compile
[INFO] |  |  |  \- com.sun.jersey:jersey-grizzly2:jar:1.9:compile
[INFO] |  |  |     +- org.glassfish.grizzly:grizzly-http:jar:2.1.2:compile
[INFO] |  |  |     |  \- org.glassfish.grizzly:grizzly-framework:jar:2.1.2:compile
[INFO] |  |  |     |     \- org.glassfish.gmbal:gmbal-api-only:jar:3.0.0-b023:compile
[INFO] |  |  |     |        \- org.glassfish.external:management-api:jar:3.0.0-b012:compile
[INFO] |  |  |     +- org.glassfish.grizzly:grizzly-http-server:jar:2.1.2:compile
[INFO] |  |  |     |  \- org.glassfish.grizzly:grizzly-rcm:jar:2.1.2:compile
[INFO] |  |  |     +- org.glassfish.grizzly:grizzly-http-servlet:jar:2.1.2:compile
[INFO] |  |  |     \- org.glassfish:javax.servlet:jar:3.1:compile
[INFO] |  |  +- com.sun.jersey:jersey-json:jar:1.9:compile
[INFO] |  |  |  +- org.codehaus.jettison:jettison:jar:1.1:compile
[INFO] |  |  |  +- org.codehaus.jackson:jackson-jaxrs:jar:1.8.3:compile
[INFO] |  |  |  \- org.codehaus.jackson:jackson-xc:jar:1.8.3:compile
[INFO] |  |  \- com.sun.jersey.contribs:jersey-guice:jar:1.9:compile
[INFO] |  +- org.apache.hadoop:hadoop-yarn-common:jar:2.2.0:compile
[INFO] |  +- org.apache.hadoop:hadoop-yarn-server-web-proxy:jar:2.2.0:compile
[INFO] |  |  \- org.apache.hadoop:hadoop-yarn-server-common:jar:2.2.0:compile
[INFO] |  \- org.apache.hadoop:hadoop-yarn-client:jar:2.2.0:compile
[INFO] +- org.apache.spark:spark-streaming_2.10:jar:1.6.1:compile
[INFO] +- org.apache.spark:spark-mllib_2.10:jar:1.6.1:compile
[INFO] |  +- org.apache.spark:spark-graphx_2.10:jar:1.6.1:compile
[INFO] |  |  +- com.github.fommil.netlib:core:jar:1.1.2:compile
[INFO] |  |  \- net.sourceforge.f2j:arpack_combined_all:jar:0.1:compile
[INFO] |  +- org.scalanlp:breeze_2.10:jar:0.11.2:compile
[INFO] |  |  +- org.scalanlp:breeze-macros_2.10:jar:0.11.2:compile
[INFO] |  |  |  \- org.scalamacros:quasiquotes_2.10:jar:2.0.0-M8:compile
[INFO] |  |  +- com.github.rwl:jtransforms:jar:2.4.0:compile
[INFO] |  |  \- org.spire-math:spire_2.10:jar:0.7.4:compile
[INFO] |  |     \- org.spire-math:spire-macros_2.10:jar:0.7.4:compile
[INFO] |  \- org.jpmml:pmml-model:jar:1.1.15:compile
[INFO] |     +- org.jpmml:pmml-agent:jar:1.1.15:compile
[INFO] |     +- org.jpmml:pmml-schema:jar:1.1.15:compile
[INFO] |     \- com.sun.xml.bind:jaxb-impl:jar:2.2.7:compile
[INFO] |        \- com.sun.xml.bind:jaxb-core:jar:2.2.7:compile
[INFO] +- org.apache.spark:spark-streaming-flume_2.10:jar:1.6.1:compile
[INFO] |  +- org.apache.spark:spark-streaming-flume-sink_2.10:jar:1.6.1:compile
[INFO] |  +- org.apache.flume:flume-ng-core:jar:1.6.0:compile
[INFO] |  |  +- org.apache.flume:flume-ng-configuration:jar:1.6.0:compile
[INFO] |  |  +- org.mortbay.jetty:jetty-util:jar:6.1.26:compile
[INFO] |  |  +- org.mortbay.jetty:jetty:jar:6.1.26:compile
[INFO] |  |  +- com.google.code.gson:gson:jar:2.2.2:compile
[INFO] |  |  \- org.apache.mina:mina-core:jar:2.0.4:compile
[INFO] |  \- org.apache.flume:flume-ng-sdk:jar:1.6.0:compile
[INFO] +- com.databricks:spark-csv_2.10:jar:1.3.0:compile
[INFO] |  +- org.apache.commons:commons-csv:jar:1.1:compile
[INFO] |  \- com.univocity:univocity-parsers:jar:1.5.1:compile
[INFO] +- net.sf.py4j:py4j:jar:0.8.1:compile
[INFO] +- joda-time:joda-time:jar:2.9.1:compile
[INFO] +- mysql:mysql-connector-java:jar:5.1.6:compile
[INFO] +- org.apache.kafka:kafka-clients:jar:0.9.0.0:compile
[INFO] +- junit:junit:jar:4.8.1:test
[INFO] +- org.apache.hive:hive-exec:jar:1.2.1:compile
[INFO] |  +- org.apache.hive:hive-ant:jar:1.2.1:compile
[INFO] |  |  \- org.apache.velocity:velocity:jar:1.5:compile
[INFO] |  |     \- commons-collections:commons-collections:jar:3.1:compile
[INFO] |  +- org.apache.hive:hive-metastore:jar:1.2.1:compile
[INFO] |  +- org.apache.hive:hive-shims:jar:1.2.1:compile
[INFO] |  |  +- org.apache.hive.shims:hive-shims-common:jar:1.2.1:compile
[INFO] |  |  +- org.apache.hive.shims:hive-shims-0.20S:jar:1.2.1:runtime
[INFO] |  |  +- org.apache.hive.shims:hive-shims-0.23:jar:1.2.1:runtime
[INFO] |  |  |  \- org.apache.hadoop:hadoop-yarn-server-resourcemanager:jar:2.6.0:runtime
[INFO] |  |  |     \- org.apache.hadoop:hadoop-yarn-server-applicationhistoryservice:jar:2.6.0:runtime
[INFO] |  |  \- org.apache.hive.shims:hive-shims-scheduler:jar:1.2.1:runtime
[INFO] |  +- commons-io:commons-io:jar:2.4:compile
[INFO] |  +- commons-logging:commons-logging:jar:1.1.3:compile
[INFO] |  +- log4j:apache-log4j-extras:jar:1.2.17:compile
[INFO] |  +- org.antlr:antlr-runtime:jar:3.4:compile
[INFO] |  |  +- org.antlr:stringtemplate:jar:3.2.1:compile
[INFO] |  |  \- antlr:antlr:jar:2.7.7:compile
[INFO] |  +- org.antlr:ST4:jar:4.0.4:compile
[INFO] |  +- org.apache.ant:ant:jar:1.9.1:compile
[INFO] |  |  \- org.apache.ant:ant-launcher:jar:1.9.1:compile
[INFO] |  +- org.apache.commons:commons-compress:jar:1.4.1:compile
[INFO] |  |  \- org.tukaani:xz:jar:1.0:compile
[INFO] |  +- org.apache.zookeeper:zookeeper:jar:3.4.6:compile
[INFO] |  +- org.apache.curator:curator-framework:jar:2.6.0:compile
[INFO] |  |  \- org.apache.curator:curator-client:jar:2.6.0:compile
[INFO] |  +- org.apache.curator:apache-curator:pom:2.6.0:compile
[INFO] |  +- org.codehaus.groovy:groovy-all:jar:2.1.6:compile
[INFO] |  +- stax:stax-api:jar:1.0.1:compile
[INFO] |  \- jline:jline:jar:2.12:compile
[INFO] +- edu.stanford.nlp:stanford-corenlp:jar:3.6.0:compile
[INFO] |  +- com.io7m.xom:xom:jar:1.2.10:compile
[INFO] |  |  \- xalan:xalan:jar:2.7.0:compile
[INFO] |  +- de.jollyday:jollyday:jar:0.4.7:compile
[INFO] |  |  \- javax.xml.bind:jaxb-api:jar:2.2.7:compile
[INFO] |  +- com.googlecode.efficient-java-matrix-library:ejml:jar:0.23:compile
[INFO] |  \- javax.json:javax.json-api:jar:1.0:compile
[INFO] +- edu.stanford.nlp:stanford-corenlp:jar:models-chinese:3.6.0:compile
[INFO] +- org.apache.oozie:oozie-client:jar:4.2.0:compile
[INFO] |  +- com.googlecode.json-simple:json-simple:jar:1.1:compile
[INFO] |  +- commons-cli:commons-cli:jar:1.2:compile
[INFO] |  +- com.google.guava:guava:jar:11.0.2:compile
[INFO] |  +- org.codehaus.jackson:jackson-core-asl:jar:1.8.8:compile
[INFO] |  +- org.apache.activemq:activemq-client:jar:5.8.0:compile
[INFO] |  |  +- org.apache.geronimo.specs:geronimo-jms_1.1_spec:jar:1.1.1:compile
[INFO] |  |  +- org.fusesource.hawtbuf:hawtbuf:jar:1.9:compile
[INFO] |  |  \- org.apache.geronimo.specs:geronimo-j2ee-management_1.1_spec:jar:1.0.1:compile
[INFO] |  +- org.apache.oozie:oozie-hadoop-auth:jar:hadoop-1-4.2.0:compile
[INFO] |  |  \- org.apache.hadoop:hadoop-core:jar:1.2.1:compile
[INFO] |  +- org.slf4j:slf4j-simple:jar:1.6.6:compile
[INFO] |  \- xerces:xercesImpl:jar:2.10.0:compile
[INFO] +- com.mashape.unirest:unirest-java:jar:1.4.7:compile
[INFO] |  +- org.apache.httpcomponents:httpasyncclient:jar:4.0.2:compile
[INFO] |  |  \- org.apache.httpcomponents:httpcore-nio:jar:4.3.2:compile
[INFO] |  +- org.apache.httpcomponents:httpmime:jar:4.3.6:compile
[INFO] |  \- org.json:json:jar:20140107:compile
[INFO] +- org.eclipse.jetty:jetty-http:jar:8.1.14.v20131031:compile
[INFO] |  \- org.eclipse.jetty:jetty-io:jar:8.1.14.v20131031:compile
[INFO] +- org.eclipse.jetty:jetty-continuation:jar:8.1.14.v20131031:compile
[INFO] +- org.eclipse.jetty:jetty-servlet:jar:8.1.14.v20131031:compile
[INFO] +- org.eclipse.jetty:jetty-server:jar:8.1.14.v20131031:compile
[INFO] +- org.eclipse.jetty:jetty-util:jar:8.1.14.v20131031:compile
[INFO] +- org.eclipse.jetty:jetty-plus:jar:8.1.14.v20131031:compile
[INFO] |  +- org.eclipse.jetty.orbit:javax.transaction:jar:1.1.1.v201105210645:compile
[INFO] |  +- org.eclipse.jetty:jetty-webapp:jar:8.1.14.v20131031:compile
[INFO] |  |  \- org.eclipse.jetty:jetty-xml:jar:8.1.14.v20131031:compile
[INFO] |  \- org.eclipse.jetty:jetty-jndi:jar:8.1.14.v20131031:compile
[INFO] |     \- org.eclipse.jetty.orbit:javax.mail.glassfish:jar:1.4.1.v201005082020:compile
[INFO] |        \- org.eclipse.jetty.orbit:javax.activation:jar:1.1.0.v201105071233:compile
[INFO] +- org.eclipse.jetty:jetty-security:jar:8.1.14.v20131031:compile
[INFO] +- xml-apis:xml-apis:jar:1.4.01:compile
[INFO] +- com.databricks:spark-avro_2.10:jar:2.0.1:compile
[INFO] +- com.github.scopt:scopt_2.10:jar:3.3.0:compile
[INFO] +- com.google.protobuf:protobuf-java:jar:3.0.0-beta-2:compile
[INFO] +- com.ning:async-http-client:jar:1.9.33:compile
[INFO] |  \- io.netty:netty:jar:3.10.5.Final:compile
[INFO] +- javax.servlet:javax.servlet-api:jar:3.1.0:compile
[INFO] +- org.scalatra:scalatra_2.10:jar:2.3.0.M1:compile
[INFO] |  +- org.scalatra:scalatra-common_2.10:jar:2.3.0.M1:compile
[INFO] |  +- org.clapper:grizzled-slf4j_2.10:jar:1.0.1:compile
[INFO] |  +- org.scalatra.rl:rl_2.10:jar:0.4.8:compile
[INFO] |  +- com.googlecode.juniversalchardet:juniversalchardet:jar:1.0.3:compile
[INFO] |  +- eu.medsea.mimeutil:mime-util:jar:2.1.3:compile
[INFO] |  \- org.joda:joda-convert:jar:1.4:compile
[INFO] \- org.apache.hive:hive-jdbc:jar:1.2.1:compile
[INFO]    +- org.apache.hive:hive-common:jar:1.2.1:compile
[INFO]    +- org.apache.hive:hive-service:jar:1.2.1:compile
[INFO]    |  +- net.sf.jpam:jpam:jar:1.1:compile
[INFO]    |  \- org.eclipse.jetty.aggregate:jetty-all:jar:7.6.0.v20120127:compile
[INFO]    |     +- javax.servlet:servlet-api:jar:2.5:compile
[INFO]    |     +- org.apache.geronimo.specs:geronimo-jta_1.1_spec:jar:1.1.1:compile
[INFO]    |     +- javax.mail:mail:jar:1.4.1:compile
[INFO]    |     +- javax.activation:activation:jar:1.1:compile
[INFO]    |     +- org.apache.geronimo.specs:geronimo-jaspic_1.0_spec:jar:1.0:compile
[INFO]    |     +- org.apache.geronimo.specs:geronimo-annotation_1.0_spec:jar:1.1.1:compile
[INFO]    |     \- asm:asm-commons:jar:3.1:compile
[INFO]    |        \- asm:asm-tree:jar:3.1:compile
[INFO]    +- org.apache.hive:hive-serde:jar:1.2.1:compile
[INFO]    \- org.apache.httpcomponents:httpcore:jar:4.4:compile
[INFO] ------------------------------------------------------------------------
[INFO] BUILD SUCCESS
[INFO] ------------------------------------------------------------------------
[INFO] Total time: 1.577 s
[INFO] Finished at: 2016-04-07T16:04:56+08:00
[INFO] Final Memory: 26M/437M
[INFO] ------------------------------------------------------------------------
